<?xml version="1.0" encoding="UTF-8"?>
<!-- Generated by org.testng.reporters.JUnitReportReporter -->
<testsuite hostname="VDI10a-1739" failures="0" tests="1" name="TestCases.Transactions.Delivery_Transactions_3" time="233.940" errors="0" timestamp="2025-05-05T14:41:25 IST" skipped="0">
  <testcase classname="TestCases.Transactions.Delivery_Transactions_3" name="DeliveryUberEats" time="233.940"/>
</testsuite> <!-- TestCases.Transactions.Delivery_Transactions_3 -->
