<?xml version="1.0" encoding="UTF-8"?>
<!-- Generated by org.testng.reporters.JUnitReportReporter -->
<testsuite hostname="VDI10a-1739" failures="0" tests="1" name="TestCases.RandATestCase" time="83.007" errors="0" timestamp="2025-02-25T14:10:48 IST" skipped="0">
  <testcase classname="TestCases.RandATestCase" name="rAndAValidationTestCase" time="83.007"/>
</testsuite> <!-- TestCases.RandATestCase -->
