<?xml version="1.0" encoding="UTF-8"?>
<!-- Generated by org.testng.reporters.JUnitReportReporter -->
<testsuite hostname="VDI10a-1739" failures="0" tests="1" name="TestCases.Transactions.Delivery_Transactions_2" time="215.855" errors="0" timestamp="2025-05-05T14:45:50 IST" skipped="0">
  <testcase classname="TestCases.Transactions.Delivery_Transactions_2" name="DeliveryUberEats" time="215.855"/>
</testsuite> <!-- TestCases.Transactions.Delivery_Transactions_2 -->
