<?xml version="1.0" encoding="UTF-8"?>
<!-- Generated by org.testng.reporters.JUnitReportReporter -->
<testsuite hostname="VDI10a-1739" failures="0" tests="1" name="TestCases.FRS.Delivery_FRS_6" time="205.795" errors="0" timestamp="2025-04-24T15:17:34 IST" skipped="0">
  <testcase classname="TestCases.FRS.Delivery_FRS_6" name="DeliveryUberEats" time="205.795"/>
</testsuite> <!-- TestCases.FRS.Delivery_FRS_6 -->
