<?xml version="1.0" encoding="UTF-8"?>
<!-- Generated by org.testng.reporters.JUnitReportReporter -->
<testsuite hostname="VDI10a-1739" failures="0" tests="1" name="TestCases.FRS.Delivery_FRS_3" time="271.812" errors="0" timestamp="2025-04-17T16:56:59 IST" skipped="0">
  <testcase classname="TestCases.FRS.Delivery_FRS_3" name="DeliveryUberEats" time="271.812"/>
</testsuite> <!-- TestCases.FRS.Delivery_FRS_3 -->
