<?xml version="1.0" encoding="UTF-8"?>
<!-- Generated by org.testng.reporters.JUnitReportReporter -->
<testsuite hostname="VDI10a-1739" failures="0" tests="1" name="TestCases.FRS.Delivery_FRS_5" time="294.559" errors="0" timestamp="2025-04-23T16:28:14 IST" skipped="0">
  <testcase classname="TestCases.FRS.Delivery_FRS_5" name="DeliveryUberEats" time="294.559"/>
</testsuite> <!-- TestCases.FRS.Delivery_FRS_5 -->
