<?xml version="1.0" encoding="UTF-8"?>
<!-- Generated by org.testng.reporters.JUnitReportReporter -->
<testsuite hostname="VDI10a-1739" failures="0" tests="1" name="TestCases.Transactions.Delivery_Transactions_1" time="215.733" errors="0" timestamp="2025-05-02T11:10:17 IST" skipped="0">
  <testcase classname="TestCases.Transactions.Delivery_Transactions_1" name="DeliveryUberEats" time="215.733"/>
</testsuite> <!-- TestCases.Transactions.Delivery_Transactions_1 -->
