<?xml version="1.0" encoding="UTF-8"?>
<!-- Generated by org.testng.reporters.JUnitReportReporter -->
<testsuite hostname="VDI10a-1739" failures="0" tests="1" name="TestCases.Delivery_FRS_Module" time="39.434" errors="0" timestamp="2025-04-23T14:13:18 IST" skipped="0">
  <testcase classname="TestCases.Delivery_FRS_Module" name="DeliveryUberEats" time="39.434"/>
</testsuite> <!-- TestCases.Delivery_FRS_Module -->
