<?xml version="1.0" encoding="UTF-8"?>
<!-- Generated by org.testng.reporters.JUnitReportReporter -->
<testsuite hostname="VDI10a-1739" failures="0" tests="1" name="TestCases.FRS.Delivery_FRS_7" time="349.679" errors="0" timestamp="2025-04-28T17:10:07 IST" skipped="0">
  <testcase classname="TestCases.FRS.Delivery_FRS_7" name="DeliveryUberEats" time="349.679"/>
</testsuite> <!-- TestCases.FRS.Delivery_FRS_7 -->
