<?xml version="1.0" encoding="UTF-8"?>
<!-- Generated by org.testng.reporters.JUnitReportReporter -->
<testsuite hostname="VDI10a-1739" failures="0" tests="1" name="TestCases.Delivery_FRS_LoginCheck" time="31.631" errors="0" timestamp="2025-04-29T18:32:11 IST" skipped="0">
  <testcase classname="TestCases.Delivery_FRS_LoginCheck" name="DeliveryUberEats" time="31.631"/>
</testsuite> <!-- TestCases.Delivery_FRS_LoginCheck -->
