<?xml version="1.0" encoding="UTF-8"?>
<!-- Generated by org.testng.reporters.JUnitReportReporter -->
<testsuite hostname="VDI10a-1739" failures="0" tests="1" name="TestCases.LoginTestCases" time="44.131" errors="0" timestamp="2025-01-28T16:13:11 IST" skipped="0">
  <testcase classname="TestCases.LoginTestCases" name="LoginUberEats" time="44.131"/>
</testsuite> <!-- TestCases.LoginTestCases -->
