<?xml version="1.0" encoding="UTF-8"?>
<!-- Generated by org.testng.reporters.JUnitReportReporter -->
<testsuite hostname="VDI10a-1739" failures="0" tests="1" name="TestCases.Delivery_LoginCheck" time="35.778" errors="0" timestamp="2025-05-13T14:20:51 IST" skipped="0">
  <testcase classname="TestCases.Delivery_LoginCheck" name="DeliveryUberEats" time="35.778"/>
</testsuite> <!-- TestCases.Delivery_LoginCheck -->
