<?xml version="1.0" encoding="UTF-8"?>
<!-- Generated by org.testng.reporters.JUnitReportReporter -->
<testsuite hostname="VDI10a-1739" failures="0" tests="1" name="TestCases.FRS.Delivery_FRS_1" time="243.645" errors="0" timestamp="2025-04-15T18:43:35 IST" skipped="0">
  <testcase classname="TestCases.FRS.Delivery_FRS_1" name="DeliveryUberEats" time="243.645"/>
</testsuite> <!-- TestCases.FRS.Delivery_FRS_1 -->
