<?xml version="1.0" encoding="UTF-8"?>
<!-- Generated by org.testng.reporters.JUnitReportReporter -->
<testsuite hostname="VDI10a-1739" failures="0" tests="1" name="TestCases.Transactions.Delivery_Transactions_1" time="253.724" errors="0" timestamp="2025-04-29T18:58:28 IST" skipped="0">
  <testcase classname="TestCases.Transactions.Delivery_Transactions_1" name="DeliveryUberEats" time="253.724"/>
</testsuite> <!-- TestCases.Transactions.Delivery_Transactions_1 -->
