<?xml version="1.0" encoding="UTF-8"?>
<!-- Generated by org.testng.reporters.JUnitReportReporter -->
<testsuite hostname="VDI10a-1739" failures="0" tests="1" name="TestCases.FRS.Delivery_FRS_4" time="302.083" errors="0" timestamp="2025-04-21T18:49:01 IST" skipped="0">
  <testcase classname="TestCases.FRS.Delivery_FRS_4" name="DeliveryUberEats" time="302.083"/>
</testsuite> <!-- TestCases.FRS.Delivery_FRS_4 -->
