<?xml version="1.0" encoding="UTF-8"?>
<!-- Generated by org.testng.reporters.JUnitReportReporter -->
<testsuite hostname="VDI10a-1739" failures="0" tests="1" name="TestCases.RandATestCase" time="116.852" errors="0" timestamp="2025-04-15T18:36:00 IST" skipped="0">
  <testcase classname="TestCases.RandATestCase" name="rAndAValidationTestCase" time="116.852"/>
</testsuite> <!-- TestCases.RandATestCase -->
