<?xml version="1.0" encoding="UTF-8"?>
<!-- Generated by org.testng.reporters.JUnitReportReporter -->
<testsuite hostname="VDI10a-1739" failures="0" tests="1" name="TestCases.Transactions.Delivery_Transactions_7" time="178.579" errors="0" timestamp="2025-05-12T15:32:22 IST" skipped="0">
  <testcase classname="TestCases.Transactions.Delivery_Transactions_7" name="DeliveryUberEats" time="178.579"/>
</testsuite> <!-- TestCases.Transactions.Delivery_Transactions_7 -->
