<?xml version="1.0" encoding="UTF-8"?>
<!-- Generated by org.testng.reporters.JUnitReportReporter -->
<testsuite hostname="VDI10a-1739" failures="0" tests="1" name="TestCases.DeliveryTestCase" time="104.136" errors="0" timestamp="2025-03-27T15:08:49 IST" skipped="0">
  <testcase classname="TestCases.DeliveryTestCase" name="DeliveryUberEats" time="104.136"/>
</testsuite> <!-- TestCases.DeliveryTestCase -->
