<?xml version="1.0" encoding="UTF-8"?>
<!-- Generated by org.testng.reporters.JUnitReportReporter -->
<testsuite hostname="VDI10a-1739" failures="0" tests="1" name="TestCases.DeliveryTestCase" time="112.826" errors="0" timestamp="2025-02-26T10:58:52 IST" skipped="0">
  <testcase classname="TestCases.DeliveryTestCase" name="DeliveryUberEats" time="112.826"/>
</testsuite> <!-- TestCases.DeliveryTestCase -->
